2024-01-04T04:14:18+00:00 CRITICAL Maximum execution time of 120 seconds exceeded in C:\wamp64\www\cours-github\wp-content\plugins\hunk-companion\top-store\top-store-admin\top-store-front-page-function.php on line 2

2024-01-04T04:25:07+00:00 CRITICAL Uncaught WCPay\Exceptions\API_Exception: Your site host "localhost" is on a private network. Jetpack can only connect to public sites. in C:\wamp64\www\cours-github\wp-content\plugins\woocommerce-payments\includes\wc-payment-api\class-wc-payments-http.php:194
Stack trace:
#0 C:\wamp64\www\cours-github\wp-content\plugins\woocommerce-payments\includes\wc-payment-api\class-wc-payments-api-client.php(222): WC_Payments_Http->start_connection('http://localhos...')
#1 C:\wamp64\www\cours-github\wp-content\plugins\woocommerce-payments\includes\class-wc-payments-account.php(1934): WC_Payments_API_Client->start_server_connection('http://localhos...')
#2 C:\wamp64\www\cours-github\wp-content\plugins\woocommerce-payments\includes\class-wc-payments-account.php(1029): WC_Payments_Account->redirect_to_onboarding_flow_page()
#3 C:\wamp64\www\cours-github\wp-includes\class-wp-hook.php(310): WC_Payments_Account->maybe_handle_onboarding('')
#4 C:\wamp64\www\cours-github\wp-includes\class-wp-hook.php(334): WP_Hook->apply_filters(NULL, Array)
#5 C:\wamp64\www\cours-github\wp-includes\plugin.php(517): WP_Hook->do_action(Array)
#6 C:\wamp64\www\cours-github\wp-admin\admin.php(175): do_action('admin_init')
#7 {main}
  thrown in C:\wamp64\www\cours-github\wp-content\plugins\woocommerce-payments\includes\wc-payment-api\class-wc-payments-http.php on line 194

2024-01-04T04:25:21+00:00 CRITICAL Uncaught WCPay\Exceptions\API_Exception: Your site host "localhost" is on a private network. Jetpack can only connect to public sites. in C:\wamp64\www\cours-github\wp-content\plugins\woocommerce-payments\includes\wc-payment-api\class-wc-payments-http.php:194
Stack trace:
#0 C:\wamp64\www\cours-github\wp-content\plugins\woocommerce-payments\includes\wc-payment-api\class-wc-payments-api-client.php(222): WC_Payments_Http->start_connection('http://localhos...')
#1 C:\wamp64\www\cours-github\wp-content\plugins\woocommerce-payments\includes\class-wc-payments-account.php(1934): WC_Payments_API_Client->start_server_connection('http://localhos...')
#2 C:\wamp64\www\cours-github\wp-content\plugins\woocommerce-payments\includes\class-wc-payments-account.php(1029): WC_Payments_Account->redirect_to_onboarding_flow_page()
#3 C:\wamp64\www\cours-github\wp-includes\class-wp-hook.php(310): WC_Payments_Account->maybe_handle_onboarding('')
#4 C:\wamp64\www\cours-github\wp-includes\class-wp-hook.php(334): WP_Hook->apply_filters(NULL, Array)
#5 C:\wamp64\www\cours-github\wp-includes\plugin.php(517): WP_Hook->do_action(Array)
#6 C:\wamp64\www\cours-github\wp-admin\admin.php(175): do_action('admin_init')
#7 {main}
  thrown in C:\wamp64\www\cours-github\wp-content\plugins\woocommerce-payments\includes\wc-payment-api\class-wc-payments-http.php on line 194

